<?xml version="1.0" encoding="UTF-8"?>
<!-- Generated by org.testng.reporters.JUnitReportReporter -->
<testsuite hostname="ASCINLAP61749" failures="0" tests="2" name="CrossBrowser.KhanAcademy_Test" time="16.033" errors="0" timestamp="2025-05-23T12:46:01 IST" skipped="0">
  <testcase classname="CrossBrowser.KhanAcademy_Test" name="searchCourse" time="8.079"/>
  <testcase classname="CrossBrowser.KhanAcademy_Test" name="searchCourse" time="7.954"/>
</testsuite> <!-- CrossBrowser.KhanAcademy_Test -->
