<?xml version="1.0" encoding="UTF-8"?>
<!-- Generated by org.testng.reporters.JUnitReportReporter -->
<testsuite hostname="ASCINLAP61749" failures="0" tests="1" name="khanAcademyTest.CourseAutomationTest" time="87.010" errors="0" timestamp="2025-05-23T19:51:02 IST" skipped="0">
  <testcase classname="khanAcademyTest.CourseAutomationTest" name="testCourseFlow" time="87.010"/>
</testsuite> <!-- khanAcademyTest.CourseAutomationTest -->
